This file contains any messages produced by compilers while
running configure, to aid debugging if configure makes a mistake.

It was created by configure, which was
generated by GNU Autoconf 2.68.  Invocation command line was

  $ ./configure --prefix=/home/makoto EMACS=t --no-create --no-recursion

## --------- ##
## Platform. ##
## --------- ##

hostname = dynabook
uname -m = i686
uname -r = 3.0.0-1-486
uname -s = Linux
uname -v = #1 Sat Aug 27 15:56:48 UTC 2011

/usr/bin/uname -p = unknown
/bin/uname -X     = unknown

/bin/arch              = unknown
/usr/bin/arch -k       = unknown
/usr/convex/getsysinfo = unknown
/usr/bin/hostinfo      = unknown
/bin/machine           = unknown
/usr/bin/oslevel       = unknown
/bin/universe          = unknown

PATH: /home/makoto/perl5/bin
PATH: /opt/uptex/bin
PATH: /home/makoto/scripts
PATH: /home/makoto/bin
PATH: /home/makoto/crypt/private/scripts
PATH: /home/makoto/.cabal/bin
PATH: /home/makoto/perl5/bin
PATH: /opt/uptex/bin
PATH: /home/makoto/scripts
PATH: /home/makoto/bin
PATH: /home/makoto/crypt/private/scripts
PATH: /home/makoto/.cabal/bin
PATH: /home/makoto/bin
PATH: /home/makoto/scripts
PATH: /usr/local/bin
PATH: /usr/bin
PATH: /bin
PATH: /usr/games
PATH: /usr/X11R6/bin
PATH: /opt/ghc/bin
PATH: /usr/X11R6/bin
PATH: /opt/ghc/bin


## ----------- ##
## Core tests. ##
## ----------- ##

configure:1748: checking for a BSD-compatible install
configure:1816: result: /usr/bin/install -c
configure:1827: checking whether build environment is sane
configure:1864: result: yes
configure:1926: checking for gawk
configure:1942: found /usr/bin/gawk
configure:1953: result: gawk
configure:1964: checking whether make sets $(MAKE)
configure:1986: result: yes
configure:2174: checking build system type
configure:2188: result: i686-pc-linux-gnu
configure:2208: checking host system type
configure:2221: result: i686-pc-linux-gnu
configure:2251: checking for emacs
configure:2267: found /home/makoto/scripts/emacs
configure:2278: result: emacs
configure:2302: checking where .elc files should go
configure:2315: $EMACS -batch -q -eval '(while load-path (princ (concat (car load-path) "\n")) (setq load-path (cdr load-path)))' </dev/null >conftest.out
Loading 00debian-vars...
Loading /etc/emacs/site-start.d/20apel.el (source)...
Loading /etc/emacs-snapshot/site-start.d/35elib-startup.el (source)...
Loading /etc/emacs/site-start.d/50a2ps.el (source)...
Loading /etc/emacs-snapshot/site-start.d/50auctex.el (source)...
Loading /usr/share/emacs/24.0.92/site-lisp/auctex.el (source)...
Loading /usr/share/emacs/24.0.92/site-lisp/preview-latex.el (source)...
Loading /etc/emacs/site-start.d/50autoconf.el (source)...
Loading /etc/emacs/site-start.d/50bbdb.el (source)...
Loading /etc/emacs/site-start.d/50cedet-common.el (source)...
Loading /etc/emacs/site-start.d/50chess.el (source)...
Loading /usr/share/emacs/site-lisp/chess/chess-auto.el (source)...
Loading /etc/emacs/site-start.d/50cmake-data.el (source)...
Loading /etc/emacs/site-start.d/50coq.el (source)...
Loading /etc/emacs/site-start.d/50crypt++el.el (source)...
Loading /etc/emacs/site-start.d/50css-mode.el (source)...
Loading /etc/emacs/site-start.d/50ddskk.el (source)...
Loading /etc/emacs/site-start.d/50dictem.el (source)...
Loading /etc/emacs/site-start.d/50dictionaries-common.el (source)...
Skipping dictionaries-common setup for emacs-snapshot
Loading /etc/emacs/site-start.d/50easypg.el (source)...
`epa-file' already enabled
Loading /etc/emacs/site-start.d/50el-get.el (source)...
Loading /etc/emacs/site-start.d/50emacs-goodies-el.el (source)...
Loading /etc/emacs/site-start.d/50festival.el (source)...
Loading /etc/emacs/site-start.d/50flim.el (source)...
Loading /etc/emacs/site-start.d/50global.el (source)...
Loading /etc/emacs/site-start.d/50haskell-mode.el (source)...
Loading /usr/share/emacs/site-lisp/haskell-mode/haskell-site-file.el (source)...
Loading /etc/emacs/site-start.d/50html-helper-mode.el (source)...
Loading /etc/emacs/site-start.d/50idl-font-lock-el.el (source)...
Loading /etc/emacs/site-start.d/50latex-cjk-common.el (source)...
Error while loading 50latex-cjk-common: Cannot open load file: cjk-enc
Loading /etc/emacs/site-start.d/50lookup-el.el (source)...
Loading /etc/emacs-snapshot/site-start.d/50mailcrypt.el (source)...
Loading /etc/emacs/site-start.d/50maxima-emacs.el (source)...
Loading /etc/emacs/site-start.d/50mew-beta.el (source)...
Loading /etc/emacs/site-start.d/50migemo.el (source)...
Loading /etc/emacs/site-start.d/50mmm-mode.el (source)...
Loading /etc/emacs/site-start.d/50mpg123-el.el (source)...
Loading /etc/emacs/site-start.d/50muse-el.el (source)...
Loading /usr/share/emacs-snapshot/site-lisp/muse-el/muse-autoloads.el (source)...
Loading /etc/emacs/site-start.d/50namazu2.el (source)...
Loading /etc/emacs/site-start.d/50ocaml-mode.el (source)...
Loading /etc/emacs/site-start.d/50octave2.1-emacsen.el (source)...
Loading /etc/emacs/site-start.d/50org-mode.el (source)...
Loading /etc/emacs-snapshot/site-start.d/50psgml-init.el (source)...
Loading /etc/emacs/site-start.d/50psvn.el (source)...
Loading /etc/emacs/site-start.d/50pymacs.el (source)...
Loading /etc/emacs/site-start.d/50pyrex-mode.el (source)...
Loading /etc/emacs/site-start.d/50python-guppy.el (source)...
Loading /etc/emacs/site-start.d/50python-mode.el (source)...
Loading /etc/emacs/site-start.d/50verbiste-el.el (source)...
Loading /etc/emacs/site-start.d/50w3m-el-snapshot.el (source)...
Loading /etc/emacs/site-start.d/50yatex-init.el (source)...
Loading /etc/emacs/site-start.d/51debian-el.el (source)...
Loading /etc/emacs/site-start.d/51planner-el.el (source)...
Loading /usr/share/emacs-snapshot/site-lisp/planner-el/planner-autoloads.el (source)...
Loading /etc/emacs/site-start.d/51speedbar.el (source)...
Loading /etc/emacs/site-start.d/51tuareg-mode.el (source)...
Loading /etc/emacs/site-start.d/52remember-el.el (source)...
Loading /usr/share/emacs/site-lisp/remember-el/remember-autoloads.el (source)...
Loading /etc/emacs/site-start.d/54jde.el (source)...
Package jde removed but not purged.  Skipping setup.
configure:2318: $? = 0
configure:2331: result: ${datadir}/emacs/site-lisp
configure:2494: creating ./config.status

## ---------------- ##
## Cache variables. ##
## ---------------- ##

ac_cv_build=i686-pc-linux-gnu
ac_cv_env_EMACSLOADPATH_set=
ac_cv_env_EMACSLOADPATH_value=
ac_cv_env_EMACS_set=set
ac_cv_env_EMACS_value=t
ac_cv_env_build_alias_set=
ac_cv_env_build_alias_value=
ac_cv_env_host_alias_set=
ac_cv_env_host_alias_value=
ac_cv_env_target_alias_set=
ac_cv_env_target_alias_value=
ac_cv_host=i686-pc-linux-gnu
ac_cv_path_install='/usr/bin/install -c'
ac_cv_prog_AWK=gawk
ac_cv_prog_EMACS=emacs
ac_cv_prog_make_make_set=yes
am_cv_lispdir='${datadir}/emacs/site-lisp'

## ----------------- ##
## Output variables. ##
## ----------------- ##

ACLOCAL='${SHELL} /home/makoto/work/go-edit-el/config/missing --run aclocal-1.9'
AMTAR='${SHELL} /home/makoto/work/go-edit-el/config/missing --run tar'
AUTOCONF='${SHELL} /home/makoto/work/go-edit-el/config/missing --run autoconf'
AUTOHEADER='${SHELL} /home/makoto/work/go-edit-el/config/missing --run autoheader'
AUTOMAKE='${SHELL} /home/makoto/work/go-edit-el/config/missing --run automake-1.9'
AWK='gawk'
CYGPATH_W='echo'
DEFS='-DPACKAGE_NAME=\"\" -DPACKAGE_TARNAME=\"\" -DPACKAGE_VERSION=\"\" -DPACKAGE_STRING=\"\" -DPACKAGE_BUGREPORT=\"\" -DPACKAGE_URL=\"\" -DPACKAGE=\"myelisp\" -DVERSION=\"0.1.0\"'
ECHO_C=''
ECHO_N='-n'
ECHO_T=''
EMACS='emacs'
EMACSLOADPATH=''
INSTALL_DATA='${INSTALL} -m 644'
INSTALL_PROGRAM='${INSTALL}'
INSTALL_SCRIPT='${INSTALL}'
INSTALL_STRIP_PROGRAM='${SHELL} $(install_sh) -c -s'
ISODATE='2012-02-03'
LIBOBJS=''
LIBS=''
LTLIBOBJS=''
MAKEINFO='${SHELL} /home/makoto/work/go-edit-el/config/missing --run makeinfo'
PACKAGE='myelisp'
PACKAGE_BUGREPORT=''
PACKAGE_NAME=''
PACKAGE_STRING=''
PACKAGE_TARNAME=''
PACKAGE_URL=''
PACKAGE_VERSION=''
PATH_SEPARATOR=':'
SET_MAKE=''
SHELL='/bin/sh'
STRIP=''
VERSION='0.1.0'
ac_aux_dir='config'
am__leading_dot='.'
am__tar='${AMTAR} chof - "$$tardir"'
am__untar='${AMTAR} xf -'
bindir='${exec_prefix}/bin'
build='i686-pc-linux-gnu'
build_alias=''
build_cpu='i686'
build_os='linux-gnu'
build_vendor='pc'
datadir='${datarootdir}'
datarootdir='${prefix}/share'
docdir='${datarootdir}/doc/${PACKAGE}'
dvidir='${docdir}'
exec_prefix='${prefix}'
host='i686-pc-linux-gnu'
host_alias=''
host_cpu='i686'
host_os='linux-gnu'
host_vendor='pc'
htmldir='${docdir}'
includedir='${prefix}/include'
infodir='${datarootdir}/info'
install_sh='/home/makoto/work/go-edit-el/config/install-sh'
libdir='${exec_prefix}/lib'
libexecdir='${exec_prefix}/libexec'
lispdir='${datadir}/emacs/site-lisp'
localedir='${datarootdir}/locale'
localstatedir='${prefix}/var'
mandir='${datarootdir}/man'
mkdir_p='mkdir -p --'
oldincludedir='/usr/include'
pdfdir='${docdir}'
prefix='/home/makoto'
program_transform_name='s,x,x,'
psdir='${docdir}'
sbindir='${exec_prefix}/sbin'
sharedstatedir='${prefix}/com'
sysconfdir='${prefix}/etc'
target_alias=''

## ----------- ##
## confdefs.h. ##
## ----------- ##

/* confdefs.h */
#define PACKAGE_NAME ""
#define PACKAGE_TARNAME ""
#define PACKAGE_VERSION ""
#define PACKAGE_STRING ""
#define PACKAGE_BUGREPORT ""
#define PACKAGE_URL ""
#define PACKAGE "myelisp"
#define VERSION "0.1.0"

configure: exit 0

## ---------------------- ##
## Running config.status. ##
## ---------------------- ##

This file was extended by config.status, which was
generated by GNU Autoconf 2.68.  Invocation command line was

  CONFIG_FILES    = 
  CONFIG_HEADERS  = 
  CONFIG_LINKS    = 
  CONFIG_COMMANDS = 
  $ ./config.status 

on dynabook

config.status:763: creating Makefile
config.status:763: creating src/Makefile
config.status:763: creating myelisp.lsm
config.status:763: creating myelisp.spec

## ---------------------- ##
## Running config.status. ##
## ---------------------- ##

This file was extended by config.status, which was
generated by GNU Autoconf 2.68.  Invocation command line was

  CONFIG_FILES    = 
  CONFIG_HEADERS  = 
  CONFIG_LINKS    = 
  CONFIG_COMMANDS = 
  $ ./config.status Makefile

on dynabook

config.status:763: creating Makefile

## ---------------------- ##
## Running config.status. ##
## ---------------------- ##

This file was extended by config.status, which was
generated by GNU Autoconf 2.68.  Invocation command line was

  CONFIG_FILES    = 
  CONFIG_HEADERS  = 
  CONFIG_LINKS    = 
  CONFIG_COMMANDS = 
  $ ./config.status src/Makefile

on dynabook

config.status:763: creating src/Makefile
